\BOOKMARK [0][]{chapter.1}{Introduction}{}% 1
\BOOKMARK [1][]{section.1.1}{Motivation}{chapter.1}% 2
\BOOKMARK [1][]{section.1.2}{Methodology}{chapter.1}% 3
\BOOKMARK [1][]{section.1.3}{Thesis Outline}{chapter.1}% 4
\BOOKMARK [0][]{chapter.2}{Domain Problem Characterization}{}% 5
\BOOKMARK [1][]{section.2.1}{Hammer and Planks Game Dynamics}{chapter.2}% 6
\BOOKMARK [1][]{section.2.2}{Target User Questions}{chapter.2}% 7
\BOOKMARK [1][]{section.2.3}{Visualization Requirements}{chapter.2}% 8
\BOOKMARK [0][]{chapter.3}{Related Works}{}% 9
\BOOKMARK [1][]{section.3.1}{Visualization of Serious Game Result}{chapter.3}% 10
\BOOKMARK [1][]{section.3.2}{Visualization of Time Series Data}{chapter.3}% 11
\BOOKMARK [1][]{section.3.3}{Visualization of Movement Data}{chapter.3}% 12
\BOOKMARK [1][]{section.3.4}{Data Visualization Tool}{chapter.3}% 13
\BOOKMARK [2][]{subsection.3.4.1}{D3.js}{section.3.4}% 14
\BOOKMARK [2][]{subsection.3.4.2}{Three.js}{section.3.4}% 15
\BOOKMARK [0][]{chapter.4}{Data Abstraction}{}% 16
\BOOKMARK [1][]{section.4.1}{Game Events Structure}{chapter.4}% 17
\BOOKMARK [1][]{section.4.2}{Clustering Algorithm}{chapter.4}% 18
\BOOKMARK [0][]{chapter.5}{Visual Mappings And Interactive Functionality}{}% 19
\BOOKMARK [1][]{section.5.1}{Theme River}{chapter.5}% 20
\BOOKMARK [1][]{section.5.2}{Heat Map}{chapter.5}% 21
\BOOKMARK [1][]{section.5.3}{Summary Theme River}{chapter.5}% 22
\BOOKMARK [0][]{chapter.6}{Case Studies}{}% 23
\BOOKMARK [1][]{section.6.1}{Normal Player}{chapter.6}% 24
\BOOKMARK [1][]{section.6.2}{Patient}{chapter.6}% 25
\BOOKMARK [0][]{chapter.7}{Conclusion}{}% 26
\BOOKMARK [0][]{appendix.A}{Appendix Example}{}% 27
\BOOKMARK [1][]{section.A.1}{Appendix Example section}{appendix.A}% 28
\BOOKMARK [0][]{appendix*.16}{Bibliography}{}% 29
