This is pdfTeX, Version 3.1415926-2.5-1.40.14 (MiKTeX 2.9) (preloaded format=pdflatex 2015.1.18)  28 AUG 2015 05:46
entering extended mode
**Thesis.tex
("D:\IT4BI Courses - Semester 4\_Thesis Report\HPVizReport\Thesis.tex"
LaTeX2e <2011/06/27>
Babel <v3.8m> and hyphenation patterns for english, afrikaans, ancientgreek, ar
abic, armenian, assamese, basque, bengali, bokmal, bulgarian, catalan, coptic, 
croatian, czech, danish, dutch, esperanto, estonian, farsi, finnish, french, ga
lician, german, german-x-2013-05-26, greek, gujarati, hindi, hungarian, iceland
ic, indonesian, interlingua, irish, italian, kannada, kurmanji, latin, latvian,
 lithuanian, malayalam, marathi, mongolian, mongolianlmc, monogreek, ngerman, n
german-x-2013-05-26, nynorsk, oriya, panjabi, pinyin, polish, portuguese, roman
ian, russian, sanskrit, serbian, slovak, slovenian, spanish, swedish, swissgerm
an, tamil, telugu, turkish, turkmen, ukenglish, ukrainian, uppersorbian, usengl
ishmax, welsh, loaded.
("D:\IT4BI Courses - Semester 4\_Thesis Report\HPVizReport\ThesisStyle.cls"
Document Class: ThesisStyle 2004/02/16 v1.4f Standard LaTeX document class
("C:\Program Files (x86)\MiKTeX 2.9\tex\latex\base\bk11.clo"
File: bk11.clo 2007/10/19 v1.4h Standard LaTeX file (size option)
)
\c@part=\count79
\c@chapter=\count80
\c@section=\count81
\c@subsection=\count82
\c@subsubsection=\count83
\c@paragraph=\count84
\c@subparagraph=\count85
\c@figure=\count86
\c@table=\count87
\abovecaptionskip=\skip41
\belowcaptionskip=\skip42
\bibindent=\dimen102
)
("C:\Program Files (x86)\MiKTeX 2.9\tex\latex\lm\lmodern.sty"
Package: lmodern 2009/10/30 v1.6 Latin Modern Fonts
LaTeX Font Info:    Overwriting symbol font `operators' in version `normal'
(Font)                  OT1/cmr/m/n --> OT1/lmr/m/n on input line 22.
LaTeX Font Info:    Overwriting symbol font `letters' in version `normal'
(Font)                  OML/cmm/m/it --> OML/lmm/m/it on input line 23.
LaTeX Font Info:    Overwriting symbol font `symbols' in version `normal'
(Font)                  OMS/cmsy/m/n --> OMS/lmsy/m/n on input line 24.
LaTeX Font Info:    Overwriting symbol font `largesymbols' in version `normal'
(Font)                  OMX/cmex/m/n --> OMX/lmex/m/n on input line 25.
LaTeX Font Info:    Overwriting symbol font `operators' in version `bold'
(Font)                  OT1/cmr/bx/n --> OT1/lmr/bx/n on input line 26.
LaTeX Font Info:    Overwriting symbol font `letters' in version `bold'
(Font)                  OML/cmm/b/it --> OML/lmm/b/it on input line 27.
LaTeX Font Info:    Overwriting symbol font `symbols' in version `bold'
(Font)                  OMS/cmsy/b/n --> OMS/lmsy/b/n on input line 28.
LaTeX Font Info:    Overwriting symbol font `largesymbols' in version `bold'
(Font)                  OMX/cmex/m/n --> OMX/lmex/m/n on input line 29.
LaTeX Font Info:    Overwriting math alphabet `\mathbf' in version `normal'
(Font)                  OT1/cmr/bx/n --> OT1/lmr/bx/n on input line 31.
LaTeX Font Info:    Overwriting math alphabet `\mathsf' in version `normal'
(Font)                  OT1/cmss/m/n --> OT1/lmss/m/n on input line 32.
LaTeX Font Info:    Overwriting math alphabet `\mathit' in version `normal'
(Font)                  OT1/cmr/m/it --> OT1/lmr/m/it on input line 33.
LaTeX Font Info:    Overwriting math alphabet `\mathtt' in version `normal'
(Font)                  OT1/cmtt/m/n --> OT1/lmtt/m/n on input line 34.
LaTeX Font Info:    Overwriting math alphabet `\mathbf' in version `bold'
(Font)                  OT1/cmr/bx/n --> OT1/lmr/bx/n on input line 35.
LaTeX Font Info:    Overwriting math alphabet `\mathsf' in version `bold'
(Font)                  OT1/cmss/bx/n --> OT1/lmss/bx/n on input line 36.
LaTeX Font Info:    Overwriting math alphabet `\mathit' in version `bold'
(Font)                  OT1/cmr/bx/it --> OT1/lmr/bx/it on input line 37.
LaTeX Font Info:    Overwriting math alphabet `\mathtt' in version `bold'
(Font)                  OT1/cmtt/m/n --> OT1/lmtt/m/n on input line 38.
)
("C:\Program Files (x86)\MiKTeX 2.9\tex\latex\subfig\subfig.sty"
Package: subfig 2005/06/28 ver: 1.3 subfig package

("C:\Program Files (x86)\MiKTeX 2.9\tex\latex\graphics\keyval.sty"
Package: keyval 1999/03/16 v1.13 key=value parser (DPC)
\KV@toks@=\toks14
)
("C:\Program Files (x86)\MiKTeX 2.9\tex\latex\caption\caption.sty"
Package: caption 2013/05/02 v3.3-89 Customizing captions (AR)

("C:\Program Files (x86)\MiKTeX 2.9\tex\latex\caption\caption3.sty"
Package: caption3 2013/05/02 v1.6-88 caption3 kernel (AR)
Package caption3 Info: TeX engine: e-TeX on input line 57.
\captionmargin=\dimen103
\captionmargin@=\dimen104
\captionwidth=\dimen105
\caption@tempdima=\dimen106
\caption@indent=\dimen107
\caption@parindent=\dimen108
\caption@hangindent=\dimen109
)
\c@ContinuedFloat=\count88
)
\c@KVtest=\count89
\sf@farskip=\skip43
\sf@captopadj=\dimen110
\sf@capskip=\skip44
\sf@nearskip=\skip45
\c@subfigure=\count90
\c@subfigure@save=\count91
\c@lofdepth=\count92
\c@subtable=\count93
\c@subtable@save=\count94
\c@lotdepth=\count95
\sf@top=\skip46
\sf@bottom=\skip47
)
("C:\Program Files (x86)\MiKTeX 2.9\tex\latex\enumitem\enumitem.sty"
Package: enumitem 2011/09/28 v3.5.2 Customized lists
\labelindent=\skip48
\enit@outerparindent=\dimen111
\enit@toks=\toks15
\enit@inbox=\box26
\enitdp@description=\count96
)
("C:\Program Files (x86)\MiKTeX 2.9\tex\latex\url\url.sty"
\Urlmuskip=\muskip10
Package: url 2013/09/16  ver 3.4  Verb mode for urls, etc.
)
("D:\IT4BI Courses - Semester 4\_Thesis Report\HPVizReport\algorithm.sty"
Package: algorithm 

Document Style `algorithm' - floating environment
("C:\Program Files (x86)\MiKTeX 2.9\tex\latex\float\float.sty"
Package: float 2001/11/08 v1.3d Float enhancements (AL)
\c@float@type=\count97
\float@exts=\toks16
\float@box=\box27
\@float@everytoks=\toks17
\@floatcapt=\box28
)
("C:\Program Files (x86)\MiKTeX 2.9\tex\latex\base\ifthen.sty"
Package: ifthen 2001/05/26 v1.1c Standard LaTeX ifthen package (DPC)
)
\@float@every@algorithm=\toks18
\c@algorithm=\count98
)
("C:\Program Files (x86)\MiKTeX 2.9\tex\latex\tools\array.sty"
Package: array 2008/09/09 v2.4c Tabular extension package (FMi)
\col@sep=\dimen112
\extrarowheight=\dimen113
\NC@list=\toks19
\extratabsurround=\skip49
\backup@length=\skip50
)
("C:\Program Files (x86)\MiKTeX 2.9\tex\latex\base\fontenc.sty"
Package: fontenc 2005/09/27 v1.99g Standard LaTeX package

("C:\Program Files (x86)\MiKTeX 2.9\tex\latex\base\t1enc.def"
File: t1enc.def 2005/09/27 v1.99g Standard LaTeX file
LaTeX Font Info:    Redeclaring font encoding T1 on input line 43.
))
\@input{formatAndDefs.aux}
("D:\IT4BI Courses - Semester 4\_Thesis Report\HPVizReport\formatAndDefs.tex"
("C:\Program Files (x86)\MiKTeX 2.9\tex\latex\amsmath\amsmath.sty"
Package: amsmath 2013/01/14 v2.14 AMS math features
\@mathmargin=\skip51

For additional information on amsmath, use the `?' option.
("C:\Program Files (x86)\MiKTeX 2.9\tex\latex\amsmath\amstext.sty"
Package: amstext 2000/06/29 v2.01

("C:\Program Files (x86)\MiKTeX 2.9\tex\latex\amsmath\amsgen.sty"
File: amsgen.sty 1999/11/30 v2.0
\@emptytoks=\toks20
\ex@=\dimen114
))
("C:\Program Files (x86)\MiKTeX 2.9\tex\latex\amsmath\amsbsy.sty"
Package: amsbsy 1999/11/29 v1.2d
\pmbraise@=\dimen115
)
("C:\Program Files (x86)\MiKTeX 2.9\tex\latex\amsmath\amsopn.sty"
Package: amsopn 1999/12/14 v2.01 operator names
)
\inf@bad=\count99
LaTeX Info: Redefining \frac on input line 210.
\uproot@=\count100
\leftroot@=\count101
LaTeX Info: Redefining \overline on input line 306.
\classnum@=\count102
\DOTSCASE@=\count103
LaTeX Info: Redefining \ldots on input line 378.
LaTeX Info: Redefining \dots on input line 381.
LaTeX Info: Redefining \cdots on input line 466.
\Mathstrutbox@=\box29
\strutbox@=\box30
\big@size=\dimen116
LaTeX Font Info:    Redeclaring font encoding OML on input line 566.
LaTeX Font Info:    Redeclaring font encoding OMS on input line 567.
\macc@depth=\count104
\c@MaxMatrixCols=\count105
\dotsspace@=\muskip11
\c@parentequation=\count106
\dspbrk@lvl=\count107
\tag@help=\toks21
\row@=\count108
\column@=\count109
\maxfields@=\count110
\andhelp@=\toks22
\eqnshift@=\dimen117
\alignsep@=\dimen118
\tagshift@=\dimen119
\tagwidth@=\dimen120
\totwidth@=\dimen121
\lineht@=\dimen122
\@envbody=\toks23
\multlinegap=\skip52
\multlinetaggap=\skip53
\mathdisplay@stack=\toks24
LaTeX Info: Redefining \[ on input line 2665.
LaTeX Info: Redefining \] on input line 2666.
)
("C:\Program Files (x86)\MiKTeX 2.9\tex\latex\amsfonts\amssymb.sty"
Package: amssymb 2013/01/14 v3.01 AMS font symbols

("C:\Program Files (x86)\MiKTeX 2.9\tex\latex\amsfonts\amsfonts.sty"
Package: amsfonts 2013/01/14 v3.01 Basic AMSFonts support
\symAMSa=\mathgroup4
\symAMSb=\mathgroup5
LaTeX Font Info:    Overwriting math alphabet `\mathfrak' in version `bold'
(Font)                  U/euf/m/n --> U/euf/b/n on input line 106.
))
("C:\Program Files (x86)\MiKTeX 2.9\tex\latex\base\inputenc.sty"
Package: inputenc 2008/03/30 v1.1d Input encoding file
\inpenc@prehook=\toks25
\inpenc@posthook=\toks26

("C:\Program Files (x86)\MiKTeX 2.9\tex\latex\base\latin1.def"
File: latin1.def 2008/03/30 v1.1d Input encoding file
))
("C:\Program Files (x86)\MiKTeX 2.9\tex\latex\base\fontenc.sty"
Package: fontenc 2005/09/27 v1.99g Standard LaTeX package

("C:\Program Files (x86)\MiKTeX 2.9\tex\latex\base\t1enc.def"
File: t1enc.def 2005/09/27 v1.99g Standard LaTeX file
LaTeX Font Info:    Redeclaring font encoding T1 on input line 43.
))
("C:\Program Files (x86)\MiKTeX 2.9\tex\latex\geometry\geometry.sty"
Package: geometry 2010/09/12 v5.6 Page Geometry

("C:\Program Files (x86)\MiKTeX 2.9\tex\generic\oberdiek\ifpdf.sty"
Package: ifpdf 2011/01/30 v2.3 Provides the ifpdf switch (HO)
Package ifpdf Info: pdfTeX in PDF mode is detected.
)
("C:\Program Files (x86)\MiKTeX 2.9\tex\generic\oberdiek\ifvtex.sty"
Package: ifvtex 2010/03/01 v1.5 Detect VTeX and its facilities (HO)
Package ifvtex Info: VTeX not detected.
)
("C:\Program Files (x86)\MiKTeX 2.9\tex\generic\ifxetex\ifxetex.sty"
Package: ifxetex 2010/09/12 v0.6 Provides ifxetex conditional
)
\Gm@cnth=\count111
\Gm@cntv=\count112
\c@Gm@tempcnt=\count113
\Gm@bindingoffset=\dimen123
\Gm@wd@mp=\dimen124
\Gm@odd@mp=\dimen125
\Gm@even@mp=\dimen126
\Gm@layoutwidth=\dimen127
\Gm@layoutheight=\dimen128
\Gm@layouthoffset=\dimen129
\Gm@layoutvoffset=\dimen130
\Gm@dimlist=\toks27

("C:\Program Files (x86)\MiKTeX 2.9\tex\latex\geometry\geometry.cfg"))
("C:\Program Files (x86)\MiKTeX 2.9\tex\latex\tocbibind\tocbibind.sty"
Package: tocbibind 2010/10/13 v1.5k extra ToC listings
Package tocbibind Info: The document has chapter divisions on input line 50.


Package tocbibind Note: Using chapter style headings, unless overridden.

) ("C:\Program Files (x86)\MiKTeX 2.9\tex\latex\minitoc\minitoc.sty"
Package: minitoc 2008/07/16 v60 Package minitoc (JPFD)

("C:\Program Files (x86)\MiKTeX 2.9\tex\latex\minitoc\mtcmess.sty"
Package: mtcmess 2006/03/14
)
Package minitoc Info: I0001
(minitoc)             *** minitoc package, version 60 ***.
\tf@mtc=\write3
\mtcindent=\skip54
\mtcskipamount=\skip55
Package minitoc Info: I0005
(minitoc)             compatible with hyperref.
Package minitoc Info: I0023
(minitoc)             part level macros available.
Package minitoc Info: I0003
(minitoc)             chapter level macros available.
\mtc@toks=\toks28
\mtc@strutbox=\box31
\mtc@hstrutbox=\box32
Package minitoc Info: I0002
(minitoc)             Autoconfiguration of extensions.

("D:\IT4BI Courses - Semester 4\_Thesis Report\HPVizReport\Thesis.mtc0")
Package minitoc Info: I0012
(minitoc)             Long extensions (Unix-like) will be used.
Package minitoc Info: I0031
(minitoc)             ==> this version is configured for UNIX-like 
(minitoc)                 (long extensions) file names.
\c@mtc=\count114
\c@minitocdepth=\count115
\c@ptc=\count116
\c@parttocdepth=\count117
\ptcindent=\skip56
Package minitoc Info: I0010
(minitoc)             The english language is selected.
(minitoc)              on input line 4910.

("C:\Program Files (x86)\MiKTeX 2.9\tex\latex\minitoc\english.mld"
File: english.mld 2006/01/13
)
("C:\Program Files (x86)\MiKTeX 2.9\tex\latex\minitoc\english.mld"
File: english.mld 2006/01/13
))
("C:\Program Files (x86)\MiKTeX 2.9\tex\latex\ae\aecompl.sty"
Package: aecompl 1998/07/23 0.9 T1 Complements for AE fonts (D. Roegel)
)
("C:\Program Files (x86)\MiKTeX 2.9\tex\latex\nomencl\nomencl.sty"
Package: nomencl 2005/09/22 v4.2 Nomenclature package (LN)
\nomlabelwidth=\dimen131
\nom@tempdim=\dimen132
\nomitemsep=\skip57
)
\@nomenclaturefile=\write4

Writing nomenclature file Thesis.nlo
("C:\Program Files (x86)\MiKTeX 2.9\tex\latex\graphics\graphicx.sty"
Package: graphicx 1999/02/16 v1.0f Enhanced LaTeX Graphics (DPC,SPQR)

("C:\Program Files (x86)\MiKTeX 2.9\tex\latex\graphics\graphics.sty"
Package: graphics 2009/02/05 v1.0o Standard LaTeX Graphics (DPC,SPQR)

("C:\Program Files (x86)\MiKTeX 2.9\tex\latex\graphics\trig.sty"
Package: trig 1999/03/16 v1.09 sin cos tan (DPC)
)
("C:\Program Files (x86)\MiKTeX 2.9\tex\latex\00miktex\graphics.cfg"
File: graphics.cfg 2007/01/18 v1.5 graphics configuration of teTeX/TeXLive
)
Package graphics Info: Driver file: pdftex.def on input line 91.

("C:\Program Files (x86)\MiKTeX 2.9\tex\latex\pdftex-def\pdftex.def"
File: pdftex.def 2011/05/27 v0.06d Graphics/color for pdfTeX

("C:\Program Files (x86)\MiKTeX 2.9\tex\generic\oberdiek\infwarerr.sty"
Package: infwarerr 2010/04/08 v1.3 Providing info/warning/error messages (HO)
)
("C:\Program Files (x86)\MiKTeX 2.9\tex\generic\oberdiek\ltxcmds.sty"
Package: ltxcmds 2011/11/09 v1.22 LaTeX kernel commands for general use (HO)
)
\Gread@gobject=\count118
))
\Gin@req@height=\dimen133
\Gin@req@width=\dimen134
)
("C:\Program Files (x86)\MiKTeX 2.9\tex\latex\hyperref\hyperref.sty"
Package: hyperref 2012/11/06 v6.83m Hypertext links for LaTeX

("C:\Program Files (x86)\MiKTeX 2.9\tex\generic\oberdiek\hobsub-hyperref.sty"
Package: hobsub-hyperref 2012/04/25 v1.12 Bundle oberdiek, subset hyperref (HO)


("C:\Program Files (x86)\MiKTeX 2.9\tex\generic\oberdiek\hobsub-generic.sty"
Package: hobsub-generic 2012/04/25 v1.12 Bundle oberdiek, subset generic (HO)
Package: hobsub 2012/04/25 v1.12 Construct package bundles (HO)
Package hobsub Info: Skipping package `infwarerr' (already loaded).
Package hobsub Info: Skipping package `ltxcmds' (already loaded).
Package: ifluatex 2010/03/01 v1.3 Provides the ifluatex switch (HO)
Package ifluatex Info: LuaTeX not detected.
Package hobsub Info: Skipping package `ifvtex' (already loaded).
Package: intcalc 2007/09/27 v1.1 Expandable calculations with integers (HO)
Package hobsub Info: Skipping package `ifpdf' (already loaded).
Package: etexcmds 2011/02/16 v1.5 Avoid name clashes with e-TeX commands (HO)
Package etexcmds Info: Could not find \expanded.
(etexcmds)             That can mean that you are not using pdfTeX 1.50 or
(etexcmds)             that some package has redefined \expanded.
(etexcmds)             In the latter case, load this package earlier.
Package: kvsetkeys 2012/04/25 v1.16 Key value parser (HO)
Package: kvdefinekeys 2011/04/07 v1.3 Define keys (HO)
Package: pdftexcmds 2011/11/29 v0.20 Utility functions of pdfTeX for LuaTeX (HO
)
Package pdftexcmds Info: LuaTeX not detected.
Package pdftexcmds Info: \pdf@primitive is available.
Package pdftexcmds Info: \pdf@ifprimitive is available.
Package pdftexcmds Info: \pdfdraftmode found.
Package: pdfescape 2011/11/25 v1.13 Implements pdfTeX's escape features (HO)
Package: bigintcalc 2012/04/08 v1.3 Expandable calculations on big integers (HO
)
Package: bitset 2011/01/30 v1.1 Handle bit-vector datatype (HO)
Package: uniquecounter 2011/01/30 v1.2 Provide unlimited unique counter (HO)
)
Package hobsub Info: Skipping package `hobsub' (already loaded).
Package: letltxmacro 2010/09/02 v1.4 Let assignment for LaTeX macros (HO)
Package: hopatch 2011/06/24 v1.1 Wrapper for package hooks (HO)
Package: xcolor-patch 2011/01/30 xcolor patch
Package: atveryend 2011/06/30 v1.8 Hooks at the very end of document (HO)
Package atveryend Info: \enddocument detected (standard20110627).
Package: atbegshi 2011/10/05 v1.16 At begin shipout hook (HO)
Package: refcount 2011/10/16 v3.4 Data extraction from label references (HO)
Package: hycolor 2011/01/30 v1.7 Color options for hyperref/bookmark (HO)
)
("C:\Program Files (x86)\MiKTeX 2.9\tex\latex\oberdiek\auxhook.sty"
Package: auxhook 2011/03/04 v1.3 Hooks for auxiliary files (HO)
)
("C:\Program Files (x86)\MiKTeX 2.9\tex\latex\oberdiek\kvoptions.sty"
Package: kvoptions 2011/06/30 v3.11 Key value format for package options (HO)
)
\@linkdim=\dimen135
\Hy@linkcounter=\count119
\Hy@pagecounter=\count120

("C:\Program Files (x86)\MiKTeX 2.9\tex\latex\hyperref\pd1enc.def"
File: pd1enc.def 2012/11/06 v6.83m Hyperref: PDFDocEncoding definition (HO)
)
\Hy@SavedSpaceFactor=\count121

("C:\Program Files (x86)\MiKTeX 2.9\tex\latex\00miktex\hyperref.cfg"
File: hyperref.cfg 2002/06/06 v1.2 hyperref configuration of TeXLive
)

Package hyperref Warning: Option `a4paper' is no longer used.

Package hyperref Info: Option `hyperindex' set `true' on input line 4319.
Package hyperref Info: Hyper figures OFF on input line 4443.
Package hyperref Info: Link nesting OFF on input line 4448.
Package hyperref Info: Hyper index ON on input line 4451.
Package hyperref Info: Plain pages OFF on input line 4458.
Package hyperref Info: Backreferencing ON on input line 4461.
Package hyperref Info: Implicit mode ON; LaTeX internals redefined.
Package hyperref Info: Bookmarks ON on input line 4688.
("C:\Program Files (x86)\MiKTeX 2.9\tex\latex\hyperref\backref.sty"
Package: backref 2012/07/25 v1.38 Bibliographical back referencing

("C:\Program Files (x86)\MiKTeX 2.9\tex\latex\oberdiek\rerunfilecheck.sty"
Package: rerunfilecheck 2011/04/15 v1.7 Rerun checks for auxiliary files (HO)
Package uniquecounter Info: New unique counter `rerunfilecheck' on input line 2
82.
))
\c@Hy@tempcnt=\count122
LaTeX Info: Redefining \url on input line 5041.
\XeTeXLinkMargin=\dimen136
\Fld@menulength=\count123
\Field@Width=\dimen137
\Fld@charsize=\dimen138
Package hyperref Info: Hyper figures OFF on input line 6295.
Package hyperref Info: Link nesting OFF on input line 6300.
Package hyperref Info: Hyper index ON on input line 6303.
Package hyperref Info: backreferencing ON on input line 6308.
Package hyperref Info: Link coloring OFF on input line 6315.
Package hyperref Info: Link coloring with OCG OFF on input line 6320.
Package hyperref Info: PDF/A mode OFF on input line 6325.
LaTeX Info: Redefining \ref on input line 6365.
LaTeX Info: Redefining \pageref on input line 6369.
\Hy@abspage=\count124
\c@Item=\count125
\c@Hfootnote=\count126
)

Package hyperref Message: Driver (autodetected): hpdftex.

("C:\Program Files (x86)\MiKTeX 2.9\tex\latex\hyperref\hpdftex.def"
File: hpdftex.def 2012/11/06 v6.83m Hyperref driver for pdfTeX
\Fld@listcount=\count127
\c@bookmark@seq@number=\count128
\Hy@SectionHShift=\skip58
)
("C:\Program Files (x86)\MiKTeX 2.9\tex\latex\graphics\color.sty"
Package: color 2005/11/14 v1.0j Standard LaTeX Color (DPC)

("C:\Program Files (x86)\MiKTeX 2.9\tex\latex\00miktex\color.cfg"
File: color.cfg 2007/01/18 v1.5 color configuration of teTeX/TeXLive
)
Package color Info: Driver file: pdftex.def on input line 130.
)
Package hyperref Info: Option `bookmarksopen' set `true' on input line 80.
Package hyperref Info: Option `pdfmenubar' set `true' on input line 80.
Package hyperref Info: Option `colorlinks' set `true' on input line 80.


Package hyperref Warning: Values of option `pdfpagemode':
(hyperref)                * `UseNone'
(hyperref)                * `UseOutlines'
(hyperref)                * `UseThumbs'
(hyperref)                * `FullScreen'
(hyperref)                * `UseOC' (PDF 1.5)
(hyperref)                * `UseAttachments' (PDF 1.6)
(hyperref)                * An empty value disables the option.
(hyperref)                Unknown value `None' on input line 80.

Package hyperref Info: Option `pdffitwindow' set `true' on input line 80.
("C:\Program Files (x86)\MiKTeX 2.9\tex\latex\rotating\rotating.sty"
Package: rotating 2009/03/28 v2.16a rotated objects in LaTeX
\c@r@tfl@t=\count129
\rotFPtop=\skip59
\rotFPbot=\skip60
\rot@float@box=\box33
\rot@mess@toks=\toks29
)
("C:\Program Files (x86)\MiKTeX 2.9\tex\latex\fancyhdr\fancyhdr.sty"
\fancy@headwidth=\skip61
\f@ncyO@elh=\skip62
\f@ncyO@erh=\skip63
\f@ncyO@olh=\skip64
\f@ncyO@orh=\skip65
\f@ncyO@elf=\skip66
\f@ncyO@erf=\skip67
\f@ncyO@olf=\skip68
\f@ncyO@orf=\skip69
)
("C:\Program Files (x86)\MiKTeX 2.9\tex\latex\colortbl\colortbl.sty"
Package: colortbl 2012/02/13 v1.0a Color table columns (DPC)
\everycr=\toks30
\minrowclearance=\skip70
)
("D:\IT4BI Courses - Semester 4\_Thesis Report\HPVizReport\algorithmic.sty"
Package: algorithmic 

Document Style `algorithmic' - environment
("C:\Program Files (x86)\MiKTeX 2.9\tex\latex\tools\calc.sty"
Package: calc 2007/08/22 v4.3 Infix arithmetic (KKT,FJ)
\calc@Acount=\count130
\calc@Bcount=\count131
\calc@Adimen=\dimen139
\calc@Bdimen=\dimen140
\calc@Askip=\skip71
\calc@Bskip=\skip72
LaTeX Info: Redefining \setlength on input line 76.
LaTeX Info: Redefining \addtolength on input line 77.
\calc@Ccount=\count132
\calc@Cskip=\skip73
)
\c@ALC@line=\count133
\c@ALC@rem=\count134
\ALC@tlm=\skip74
)
("C:\Program Files (x86)\MiKTeX 2.9\tex\latex\multirow\multirow.sty"
\bigstrutjot=\dimen141
)
("D:\IT4BI Courses - Semester 4\_Thesis Report\HPVizReport\slashbox.sty"
slashbox style by K.Yasuoka, May 1993.
\@slashboxa=\box34
\@slashboxb=\box35
\@slashboxc=\box36
\@slashboxwd=\count135
\@slashboxht=\count136
\@slashsepl=\dimen142
\@slashsepr=\dimen143
)
\c@definition=\count137
) ("D:\IT4BI Courses - Semester 4\_Thesis Report\HPVizReport\Thesis.aux"
("D:\IT4BI Courses - Semester 4\_Thesis Report\HPVizReport\TitlePage.aux")
("D:\IT4BI Courses - Semester 4\_Thesis Report\HPVizReport\Chapters/Chapter1.au
x")
("D:\IT4BI Courses - Semester 4\_Thesis Report\HPVizReport\Chapters/Chapter2.au
x")
("D:\IT4BI Courses - Semester 4\_Thesis Report\HPVizReport\Chapters/Chapter3.au
x")
("D:\IT4BI Courses - Semester 4\_Thesis Report\HPVizReport\Chapters/Chapter4.au
x")
("D:\IT4BI Courses - Semester 4\_Thesis Report\HPVizReport\Chapters/Chapter5.au
x")
("D:\IT4BI Courses - Semester 4\_Thesis Report\HPVizReport\Chapters/Chapter6.au
x")
("D:\IT4BI Courses - Semester 4\_Thesis Report\HPVizReport\Chapters/Chapter7.au
x")
("D:\IT4BI Courses - Semester 4\_Thesis Report\HPVizReport\Appendices/Appendix1
.aux"))
LaTeX Font Info:    Checking defaults for OML/cmm/m/it on input line 18.
LaTeX Font Info:    ... okay on input line 18.
LaTeX Font Info:    Checking defaults for T1/cmr/m/n on input line 18.
LaTeX Font Info:    ... okay on input line 18.
LaTeX Font Info:    Checking defaults for OT1/cmr/m/n on input line 18.
LaTeX Font Info:    ... okay on input line 18.
LaTeX Font Info:    Checking defaults for OMS/cmsy/m/n on input line 18.
LaTeX Font Info:    ... okay on input line 18.
LaTeX Font Info:    Checking defaults for OMX/cmex/m/n on input line 18.
LaTeX Font Info:    ... okay on input line 18.
LaTeX Font Info:    Checking defaults for U/cmr/m/n on input line 18.
LaTeX Font Info:    ... okay on input line 18.
LaTeX Font Info:    Checking defaults for PD1/pdf/m/n on input line 18.
LaTeX Font Info:    ... okay on input line 18.
LaTeX Font Info:    Try loading font information for T1+lmr on input line 18.
 ("C:\Program Files (x86)\MiKTeX 2.9\tex\latex\lm\t1lmr.fd"
File: t1lmr.fd 2009/10/30 v1.6 Font defs for Latin Modern
)
Package caption Info: Begin \AtBeginDocument code.
Package caption Info: subfig package v1.3 is loaded.
Package caption Info: float package is loaded.
Package caption Info: hyperref package is loaded.
Package caption Info: rotating package is loaded.
Package caption Info: End \AtBeginDocument code.

*geometry* driver: auto-detecting
*geometry* detected driver: pdftex
*geometry* verbose mode - [ preamble ] result:
* driver: pdftex
* paper: a4paper
* layout: <same size as paper>
* layoutoffset:(h,v)=(0.0pt,0.0pt)
* modes: includehead includefoot twoside 
* h-part:(L,W,R)=(86.72377pt, 424.06033pt, 86.72377pt)
* v-part:(T,H,B)=(57.81621pt, 707.7332pt, 79.49744pt)
* \paperwidth=597.50787pt
* \paperheight=845.04684pt
* \textwidth=424.06033pt
* \textheight=646.79645pt
* \oddsidemargin=14.45378pt
* \evensidemargin=14.45378pt
* \topmargin=-14.45378pt
* \headheight=13.6pt
* \headsep=19.8738pt
* \topskip=11.0pt
* \footskip=27.46295pt
* \marginparwidth=106.0pt
* \marginparsep=7.0pt
* \columnsep=10.0pt
* \skip\footins=10.0pt plus 4.0pt minus 2.0pt
* \hoffset=0.0pt
* \voffset=0.0pt
* \mag=1000
* \@twocolumnfalse
* \@twosidetrue
* \@mparswitchtrue
* \@reversemarginfalse
* (1in=72.27pt=25.4mm, 1cm=28.453pt)

\c@minilofdepth=\count138
\c@minilotdepth=\count139
\c@partlofdepth=\count140
\c@partlotdepth=\count141
\c@sectlofdepth=\count142
\c@sectlotdepth=\count143
Package minitoc(hints) Info: I0049
(minitoc(hints))             ==> You requested the hints option. 
(minitoc(hints))             Some hints are eventually given below.
Package minitoc(hints) Info: I0046
(minitoc(hints))             --- The tocbibind package is loaded. 
(minitoc(hints))             See the minitoc package documentation 
(minitoc(hints))             for specific precautions.

Package minitoc(hints) Warning: W0030
(minitoc(hints))                --- The \part command is altered 
(minitoc(hints))                after minitoc.


Package minitoc(hints) Warning: W0023
(minitoc(hints))                --- It may be the consequence 
(minitoc(hints))                of loading the ``hyperref'' package.


Package minitoc(hints) Warning: W0028
(minitoc(hints))                --- The \chapter command is altered 
(minitoc(hints))                after minitoc.


Package minitoc(hints) Warning: W0023
(minitoc(hints))                --- It may be the consequence 
(minitoc(hints))                of loading the ``hyperref'' package.

("C:\Program Files (x86)\MiKTeX 2.9\tex\context\base\supp-pdf.mkii"
[Loading MPS to PDF converter (version 2006.09.02).]
\scratchcounter=\count144
\scratchdimen=\dimen144
\scratchbox=\box37
\nofMPsegments=\count145
\nofMParguments=\count146
\everyMPshowfont=\toks31
\MPscratchCnt=\count147
\MPscratchDim=\dimen145
\MPnumerator=\count148
\makeMPintoPDFobject=\count149
\everyMPtoPDFconversion=\toks32
)
\AtBeginShipoutBox=\box38
Package hyperref Info: Link coloring ON on input line 18.
 ("C:\Program Files (x86)\MiKTeX 2.9\tex\latex\hyperref\nameref.sty"
Package: nameref 2012/10/27 v2.43 Cross-referencing by name of section

("C:\Program Files (x86)\MiKTeX 2.9\tex\generic\oberdiek\gettitlestring.sty"
Package: gettitlestring 2010/12/03 v1.4 Cleanup title references (HO)
)
\c@section@level=\count150
)
LaTeX Info: Redefining \ref on input line 18.
LaTeX Info: Redefining \pageref on input line 18.
LaTeX Info: Redefining \nameref on input line 18.

("D:\IT4BI Courses - Semester 4\_Thesis Report\HPVizReport\Thesis.out")
("D:\IT4BI Courses - Semester 4\_Thesis Report\HPVizReport\Thesis.out")
\@outlinefile=\write5

("D:\IT4BI Courses - Semester 4\_Thesis Report\HPVizReport\TitlePage.tex"
<images/logocs.jpeg, id=143, 315.1775pt x 161.60374pt>
File: images/logocs.jpeg Graphic file (type jpg)

<use images/logocs.jpeg>
Package pdftex.def Info: images/logocs.jpeg used on input line 6.
(pdftex.def)             Requested size: 472.76509pt x 242.40501pt.
LaTeX Font Info:    Try loading font information for OT1+lmr on input line 7.

("C:\Program Files (x86)\MiKTeX 2.9\tex\latex\lm\ot1lmr.fd"
File: ot1lmr.fd 2009/10/30 v1.6 Font defs for Latin Modern
)
LaTeX Font Info:    Try loading font information for OML+lmm on input line 7.

("C:\Program Files (x86)\MiKTeX 2.9\tex\latex\lm\omllmm.fd"
File: omllmm.fd 2009/10/30 v1.6 Font defs for Latin Modern
)
LaTeX Font Info:    Try loading font information for OMS+lmsy on input line 7.

("C:\Program Files (x86)\MiKTeX 2.9\tex\latex\lm\omslmsy.fd"
File: omslmsy.fd 2009/10/30 v1.6 Font defs for Latin Modern
)
LaTeX Font Info:    Try loading font information for OMX+lmex on input line 7.

("C:\Program Files (x86)\MiKTeX 2.9\tex\latex\lm\omxlmex.fd"
File: omxlmex.fd 2009/10/30 v1.6 Font defs for Latin Modern
)
LaTeX Font Info:    External font `lmex10' loaded for size
(Font)              <10.95> on input line 7.
LaTeX Font Info:    External font `lmex10' loaded for size
(Font)              <8> on input line 7.
LaTeX Font Info:    External font `lmex10' loaded for size
(Font)              <6> on input line 7.
LaTeX Font Info:    Try loading font information for U+msa on input line 7.

("C:\Program Files (x86)\MiKTeX 2.9\tex\latex\amsfonts\umsa.fd"
File: umsa.fd 2013/01/14 v3.01 AMS symbols A
)
LaTeX Font Info:    Try loading font information for U+msb on input line 7.

("C:\Program Files (x86)\MiKTeX 2.9\tex\latex\amsfonts\umsb.fd"
File: umsb.fd 2013/01/14 v3.01 AMS symbols B
)
<images/it4bi_logo.jpg, id=144, 81.2131pt x 58.00937pt>
File: images/it4bi_logo.jpg Graphic file (type jpg)

<use images/it4bi_logo.jpg>
Package pdftex.def Info: images/it4bi_logo.jpg used on input line 10.
(pdftex.def)             Requested size: 81.21289pt x 58.00922pt.

Overfull \hbox (10.17485pt too wide) in paragraph at lines 9--11
[]|  [] 
 []

LaTeX Font Info:    External font `lmex10' loaded for size
(Font)              <17.28> on input line 24.
LaTeX Font Info:    External font `lmex10' loaded for size
(Font)              <12> on input line 24.
LaTeX Font Info:    External font `lmex10' loaded for size
(Font)              <10> on input line 24.

Underfull \hbox (badness 1024) in paragraph at lines 45--45
[]|\T1/lmr/m/it/12 In col-lab-o-ra-
 []


Overfull \hbox (46.94168pt too wide) in paragraph at lines 40--47
 [] 
 []

[1





{C:/ProgramData/MiKTeX/2.9/pdftex/config/pdftex.map} <D:/IT4BI Courses - Semest
er 4/_Thesis Report/HPVizReport/images/logocs.jpeg> <D:/IT4BI Courses - Semeste
r 4/_Thesis Report/HPVizReport/images/it4bi_logo.jpg>])
Underfull \hbox (badness 10000) in paragraph at lines 32--37

 []

Package minitoc Info: I0024
(minitoc)             PREPARING MINITOCS FROM Thesis.toc on input line 47.
Package minitoc Info: I0033
(minitoc)             Writing Thesis.mtc1.
Package minitoc Info: I0033
(minitoc)             Writing Thesis.mtc2.
Package minitoc Info: I0033
(minitoc)             Writing Thesis.mtc3.
Package minitoc Info: I0033
(minitoc)             Writing Thesis.mtc4.
Package minitoc Info: I0033
(minitoc)             Writing Thesis.mtc5.
Package minitoc Info: I0033
(minitoc)             Writing Thesis.mtc6.
Package minitoc Info: I0033
(minitoc)             Writing Thesis.mtc7.
Package minitoc Info: I0033
(minitoc)             Writing Thesis.mtc8.
Package minitoc Info: I0033
(minitoc)             Writing Thesis.mtc9.
[1


] [2

] ("D:\IT4BI Courses - Semester 4\_Thesis Report\HPVizReport\Thesis.toc")
\tf@toc=\write6
[3

] ("D:\IT4BI Courses - Semester 4\_Thesis Report\HPVizReport\Thesis.lof"
[4

])
\tf@lof=\write7
 [5] ("D:\IT4BI Courses - Semester 4\_Thesis Report\HPVizReport\Thesis.lot")
\tf@lot=\write8
 [6

]
("D:\IT4BI Courses - Semester 4\_Thesis Report\HPVizReport\Chapters/Chapter1.te
x"
Chapter 1.
LaTeX Font Info:    External font `lmex10' loaded for size
(Font)              <9> on input line 4.
LaTeX Font Info:    External font `lmex10' loaded for size
(Font)              <5> on input line 4.
LaTeX Font Info:    Try loading font information for T1+lmtt on input line 4.
("C:\Program Files (x86)\MiKTeX 2.9\tex\latex\lm\t1lmtt.fd"
File: t1lmtt.fd 2009/10/30 v1.6 Font defs for Latin Modern
)pdfTeX warning (ext4): destination with the same identifier (name{page.1}) has
 been already used, duplicate ignored
<to be read again> 
                   \relax 
l.12 T
      he purpose of this thesis is to address the problem mentioned by propo...
[1



] <images/hp_game.png, id=345, 1084.05pt x 677.53125pt>
File: images/hp_game.png Graphic file (type png)

<use images/hp_game.png>
Package pdftex.def Info: images/hp_game.png used on input line 16.
(pdftex.def)             Requested size: 312.9803pt x 195.61061pt.

<images/munzner_model.png, id=348, 368.1253pt x 108.405pt>
File: images/munzner_model.png Graphic file (type png)

<use images/munzner_model.png>
Package pdftex.def Info: images/munzner_model.png used on input line 27.
(pdftex.def)             Requested size: 284.52756pt x 83.793pt.
 [2 <D:/IT4BI Courses - Semester 4/_Thesis Report/HPVizReport/images/hp_game.pn
g> <D:/IT4BI Courses - Semester 4/_Thesis Report/HPVizReport/images/munzner_mod
el.png>]) [3]
("D:\IT4BI Courses - Semester 4\_Thesis Report\HPVizReport\Chapters/Chapter2.te
x"
Chapter 2.
<images/cedric_bodytilt.jpg, id=360, 230.8625pt x 307.1475pt>
File: images/cedric_bodytilt.jpg Graphic file (type jpg)

<use images/cedric_bodytilt.jpg>
Package pdftex.def Info: images/cedric_bodytilt.jpg used on input line 28.
(pdftex.def)             Requested size: 156.49014pt x 208.20139pt.

<images/mia_handpoint.png, id=361, 173.14688pt x 230.36063pt>
File: images/mia_handpoint.png Graphic file (type png)

<use images/mia_handpoint.png>
Package pdftex.def Info: images/mia_handpoint.png used on input line 30.
(pdftex.def)             Requested size: 156.49014pt x 208.2049pt.
 [4



] [5 <D:/IT4BI Courses - Semester 4/_Thesis Report/HPVizReport/images/cedric_bo
dytilt.jpg> <D:/IT4BI Courses - Semester 4/_Thesis Report/HPVizReport/images/mi
a_handpoint.png>]) [6]
("D:\IT4BI Courses - Semester 4\_Thesis Report\HPVizReport\Chapters/Chapter3.te
x"
Chapter 3.
<images/rahman_viz.png, id=431, 434.37282pt x 324.46219pt>
File: images/rahman_viz.png Graphic file (type png)

<use images/rahman_viz.png>
Package pdftex.def Info: images/rahman_viz.png used on input line 14.
(pdftex.def)             Requested size: 312.9803pt x 233.80072pt.

<images/rahman2_elbowangle.png, id=434, 712.16063pt x 417.81094pt>
File: images/rahman2_elbowangle.png Graphic file (type png)

<use images/rahman2_elbowangle.png>
Package pdftex.def Info: images/rahman2_elbowangle.png used on input line 20.
(pdftex.def)             Requested size: 426.79134pt x 250.38885pt.

Overfull \hbox (2.731pt too wide) in paragraph at lines 20--21
 [][] 
 []

[7



] [8 <D:/IT4BI Courses - Semester 4/_Thesis Report/HPVizReport/images/rahman_vi
z.png> <D:/IT4BI Courses - Semester 4/_Thesis Report/HPVizReport/images/rahman2
_elbowangle.png>]
<images/aigner_flowmap.jpg, id=459, 336.50719pt x 435.87843pt>
File: images/aigner_flowmap.jpg Graphic file (type jpg)

<use images/aigner_flowmap.jpg>
Package pdftex.def Info: images/aigner_flowmap.jpg used on input line 36.
(pdftex.def)             Requested size: 256.0748pt x 331.6967pt.

<images/aigner_spatiotemporaleventviz.png, id=460, 651.18282pt x 365.11406pt>
File: images/aigner_spatiotemporaleventviz.png Graphic file (type png)

<use images/aigner_spatiotemporaleventviz.png>
Package pdftex.def Info: images/aigner_spatiotemporaleventviz.png used on input
 line 42.
(pdftex.def)             Requested size: 426.79134pt x 239.30466pt.

Overfull \hbox (2.731pt too wide) in paragraph at lines 42--43
 [][] 
 []

[9] [10 <D:/IT4BI Courses - Semester 4/_Thesis Report/HPVizReport/images/aigner
_flowmap.jpg> <D:/IT4BI Courses - Semester 4/_Thesis Report/HPVizReport/images/
aigner_spatiotemporaleventviz.png>]
<images/havre_themeriver.png, id=477, 533.74406pt x 369.63094pt>
File: images/havre_themeriver.png Graphic file (type png)

<use images/havre_themeriver.png>
Package pdftex.def Info: images/havre_themeriver.png used on input line 52.
(pdftex.def)             Requested size: 426.79134pt x 295.57541pt.

Overfull \hbox (2.731pt too wide) in paragraph at lines 52--53
 [][] 
 []

[11 <D:/IT4BI Courses - Semester 4/_Thesis Report/HPVizReport/images/havre_them
eriver.png>]
<images/adrienko_clustered.png, id=490, 612.78937pt x 456.95718pt>
File: images/adrienko_clustered.png Graphic file (type png)

<use images/adrienko_clustered.png>
Package pdftex.def Info: images/adrienko_clustered.png used on input line 65.
(pdftex.def)             Requested size: 426.79134pt x 318.25717pt.

Overfull \hbox (2.731pt too wide) in paragraph at lines 65--66
 [][] 
 []

[12 <D:/IT4BI Courses - Semester 4/_Thesis Report/HPVizReport/images/adrienko_c
lustered.png>] <images/adrienko_milan.png, id=500, 652.68843pt x 450.18187pt>
File: images/adrienko_milan.png Graphic file (type png)

<use images/adrienko_milan.png>
Package pdftex.def Info: images/adrienko_milan.png used on input line 73.
(pdftex.def)             Requested size: 426.79134pt x 294.38013pt.

Overfull \hbox (2.731pt too wide) in paragraph at lines 73--74
 [][] 
 []


Underfull \vbox (badness 1226) has occurred while \output is active []

 [13 <D:/IT4BI Courses - Semester 4/_Thesis Report/HPVizReport/images/adrienko_
milan.png>]
<images/chmelik_trail.png, id=519, 886.81313pt x 279.29344pt>
File: images/chmelik_trail.png Graphic file (type png)

<use images/chmelik_trail.png>
Package pdftex.def Info: images/chmelik_trail.png used on input line 85.
(pdftex.def)             Requested size: 426.79134pt x 134.4173pt.

Overfull \hbox (2.731pt too wide) in paragraph at lines 85--86
 [][] 
 []

<images/yuko_belt.png, id=520, 710.655pt x 242.40562pt>
File: images/yuko_belt.png Graphic file (type png)

<use images/yuko_belt.png>
Package pdftex.def Info: images/yuko_belt.png used on input line 91.
(pdftex.def)             Requested size: 426.79134pt x 145.58133pt.

Overfull \hbox (2.731pt too wide) in paragraph at lines 91--92
 [][] 
 []

[14 <D:/IT4BI Courses - Semester 4/_Thesis Report/HPVizReport/images/chmelik_tr
ail.png> <D:/IT4BI Courses - Semester 4/_Thesis Report/HPVizReport/images/yuko_
belt.png>]
<images/bernard_motionexplorer.png, id=528, 837.88031pt x 407.27156pt>
File: images/bernard_motionexplorer.png Graphic file (type png)

<use images/bernard_motionexplorer.png>
Package pdftex.def Info: images/bernard_motionexplorer.png used on input line 9
9.
(pdftex.def)             Requested size: 426.79134pt x 207.45094pt.

Overfull \hbox (2.731pt too wide) in paragraph at lines 99--100
 [][] 
 []

[15 <D:/IT4BI Courses - Semester 4/_Thesis Report/HPVizReport/images/bernard_mo
tionexplorer.png>] <images/d3js.png, id=538, 931.22906pt x 346.29375pt>
File: images/d3js.png Graphic file (type png)

<use images/d3js.png>
Package pdftex.def Info: images/d3js.png used on input line 111.
(pdftex.def)             Requested size: 284.52756pt x 105.807pt.
 <images/threejs.png, id=539, 982.42032pt x 494.59781pt>
File: images/threejs.png Graphic file (type png)

<use images/threejs.png>
Package pdftex.def Info: images/threejs.png used on input line 117.
(pdftex.def)             Requested size: 284.52756pt x 143.24101pt.
) [16 <D:/IT4BI Courses - Semester 4/_Thesis Report/HPVizReport/images/d3js.png
> <D:/IT4BI Courses - Semester 4/_Thesis Report/HPVizReport/images/threejs.png>
]
("D:\IT4BI Courses - Semester 4\_Thesis Report\HPVizReport\Chapters/Chapter4.te
x"
Chapter 4.

LaTeX Warning: `h' float specifier changed to `ht'.

[17



]
Package hyperref Info: bookmark level for unknown algorithm defaults to 0 on in
put line 47.

Underfull \hbox (badness 10000) in paragraph at lines 45--59

 []


Overfull \hbox (124.50035pt too wide) detected at line 73
[]\OML/lmm/m/it/10.95 i \OMS/lmsy/m/n/10.95 2 f\OT1/lmr/m/n/10.95 0\OML/lmm/m/i
t/10.95 ; \OT1/lmr/m/n/10.95 1\OML/lmm/m/it/10.95 ; \OT1/lmr/m/n/10.95 2\OMS/lm
sy/m/n/10.95 g[]\OML/lmm/m/it/10.95 g[]\OT1/lmr/m/n/10.95 ([][]\OML/lmm/m/it/10
.95 ; [][]\OT1/lmr/m/n/10.95 ) = []
 []

[18]) [19]
("D:\IT4BI Courses - Semester 4\_Thesis Report\HPVizReport\Chapters/Chapter5.te
x"
Chapter 5.
<images/linechart.png, id=592, 407.27156pt x 91.09032pt>
File: images/linechart.png Graphic file (type png)

<use images/linechart.png>
Package pdftex.def Info: images/linechart.png used on input line 9.
(pdftex.def)             Requested size: 284.52756pt x 63.64046pt.

<images/scatterplot.png, id=597, 483.30562pt x 445.665pt>
File: images/scatterplot.png Graphic file (type png)

<use images/scatterplot.png>
Package pdftex.def Info: images/scatterplot.png used on input line 15.
(pdftex.def)             Requested size: 284.52756pt x 262.37564pt.
 [20



 <D:/IT4BI Courses - Semester 4/_Thesis Report/HPVizReport/images/linechart.png
>]
Underfull \hbox (badness 10000) in paragraph at lines 25--25
[][][][][]$\T1/lmtt/m/n/9 http : / / www . nytimes . com / interactive / 2008 /
 02 / 23 / movies / 20080223 _ REVENUE _ GRAPHIC . html ? _r =$
 []

[21 <D:/IT4BI Courses - Semester 4/_Thesis Report/HPVizReport/images/scatterplo
t.png>] <images/stackedgraph_linear.png, id=623, 466.74374pt x 193.47281pt>
File: images/stackedgraph_linear.png Graphic file (type png)

<use images/stackedgraph_linear.png>
Package pdftex.def Info: images/stackedgraph_linear.png used on input line 36.
(pdftex.def)             Requested size: 284.52756pt x 117.94443pt.

<images/stackedgraph_silhouette.png, id=624, 392.21532pt x 188.20313pt>
File: images/stackedgraph_silhouette.png Graphic file (type png)

<use images/stackedgraph_silhouette.png>
Package pdftex.def Info: images/stackedgraph_silhouette.png used on input line 
45.
(pdftex.def)             Requested size: 169.62154pt x 81.39384pt.

<images/stackedgraph_positive.png, id=625, 395.97937pt x 187.45032pt>
File: images/stackedgraph_positive.png Graphic file (type png)

<use images/stackedgraph_positive.png>
Package pdftex.def Info: images/stackedgraph_positive.png used on input line 49
.
(pdftex.def)             Requested size: 169.62154pt x 80.296pt.

<images/stackedgraph_neutral_neg.png, id=626, 397.485pt x 182.18062pt>
File: images/stackedgraph_neutral_neg.png Graphic file (type png)

<use images/stackedgraph_neutral_neg.png>
Package pdftex.def Info: images/stackedgraph_neutral_neg.png used on input line
 54.
(pdftex.def)             Requested size: 169.62154pt x 77.74402pt.

<images/stackedgraph_positive_neutral.png, id=627, 392.21532pt x 179.92218pt>
File: images/stackedgraph_positive_neutral.png Graphic file (type png)

<use images/stackedgraph_positive_neutral.png>
Package pdftex.def Info: images/stackedgraph_positive_neutral.png used on input
 line 58.
(pdftex.def)             Requested size: 169.62154pt x 77.81252pt.

<images/heatmap.png, id=629, 425.33907pt x 435.87843pt>
File: images/heatmap.png Graphic file (type png)

<use images/heatmap.png>
Package pdftex.def Info: images/heatmap.png used on input line 68.
(pdftex.def)             Requested size: 284.52756pt x 291.59142pt.
 [22 <D:/IT4BI Courses - Semester 4/_Thesis Report/HPVizReport/images/stackedgr
aph_linear.png>] [23 <D:/IT4BI Courses - Semester 4/_Thesis Report/HPVizReport/
images/stackedgraph_silhouette.png> <D:/IT4BI Courses - Semester 4/_Thesis Repo
rt/HPVizReport/images/stackedgraph_positive.png> <D:/IT4BI Courses - Semester 4
/_Thesis Report/HPVizReport/images/stackedgraph_neutral_neg.png> <D:/IT4BI Cour
ses - Semester 4/_Thesis Report/HPVizReport/images/stackedgraph_positive_neutra
l.png> <D:/IT4BI Courses - Semester 4/_Thesis Report/HPVizReport/images/heatmap
.png>]
<images/summary_not_clustered.png, id=672, 905.63344pt x 392.96812pt>
File: images/summary_not_clustered.png Graphic file (type png)

<use images/summary_not_clustered.png>
Package pdftex.def Info: images/summary_not_clustered.png used on input line 83
.
(pdftex.def)             Requested size: 369.88582pt x 160.49435pt.

<images/summary_clustered.png, id=673, 892.08281pt x 368.1253pt>
File: images/summary_clustered.png Graphic file (type png)

<use images/summary_clustered.png>
Package pdftex.def Info: images/summary_clustered.png used on input line 90.
(pdftex.def)             Requested size: 369.88582pt x 152.63434pt.

<images/section.png, id=674, 402.00188pt x 389.20406pt>
File: images/section.png Graphic file (type png)

<use images/section.png>
Package pdftex.def Info: images/section.png used on input line 97.
(pdftex.def)             Requested size: 227.62204pt x 220.3758pt.

Underfull \vbox (badness 2809) has occurred while \output is active []

 [24]
[25 <D:/IT4BI Courses - Semester 4/_Thesis Report/HPVizReport/images/summary_no
t_clustered.png> <D:/IT4BI Courses - Semester 4/_Thesis Report/HPVizReport/imag
es/summary_clustered.png> <D:/IT4BI Courses - Semester 4/_Thesis Report/HPVizRe
port/images/section.png>]
<images/summary_type2.png, id=692, 896.59969pt x 382.42876pt>
File: images/summary_type2.png Graphic file (type png)

<use images/summary_type2.png>
Package pdftex.def Info: images/summary_type2.png used on input line 109.
(pdftex.def)             Requested size: 369.88582pt x 157.76547pt.
 [26 <D:/IT4BI Courses - Semester 4/_Thesis Report/HPVizReport/images/summary_t
ype2.png>]
<images/interaction_bar.png, id=703, 835.62187pt x 67.0003pt>
File: images/interaction_bar.png Graphic file (type png)

<use images/interaction_bar.png>
Package pdftex.def Info: images/interaction_bar.png used on input line 121.
(pdftex.def)             Requested size: 369.88582pt x 29.6581pt.

<images/interface_app_compare.png, id=705, 1081.03876pt x 591.71063pt>
File: images/interface_app_compare.png Graphic file (type png)

<use images/interface_app_compare.png>
Package pdftex.def Info: images/interface_app_compare.png used on input line 13
0.
(pdftex.def)             Requested size: 426.79134pt x 233.60124pt.

Overfull \hbox (2.731pt too wide) in paragraph at lines 130--131
 [][] 
 []

) [27 <D:/IT4BI Courses - Semester 4/_Thesis Report/HPVizReport/images/interact
ion_bar.png> <D:/IT4BI Courses - Semester 4/_Thesis Report/HPVizReport/images/i
nterface_app_compare.png>]
("D:\IT4BI Courses - Semester 4\_Thesis Report\HPVizReport\Chapters/Chapter6.te
x"
Chapter 6.
[28



] [29]) [30]
("D:\IT4BI Courses - Semester 4\_Thesis Report\HPVizReport\Chapters/Chapter7.te
x"
Chapter 7.
) [31



]
("D:\IT4BI Courses - Semester 4\_Thesis Report\HPVizReport\Appendices/Appendix1
.tex"
Appendix A.

<images/appendix_case1_compare_session_stackedgraph.png, id=777, 825.83531pt x 
268.00125pt>
File: images/appendix_case1_compare_session_stackedgraph.png Graphic file (type
 png)
 <use images/appendix_case1_compare_session_stackedgraph.png>
Package pdftex.def Info: images/appendix_case1_compare_session_stackedgraph.png
 used on input line 7.
(pdftex.def)             Requested size: 398.33858pt x 129.26889pt.

<images/appendix_case1_compare_session_heatmap.png, id=778, 843.15pt x 436.6312
6pt>
File: images/appendix_case1_compare_session_heatmap.png Graphic file (type png)

 <use images/appendix_case1_compare_session_heatmap.png>
Package pdftex.def Info: images/appendix_case1_compare_session_heatmap.png used
 on input line 14.
(pdftex.def)             Requested size: 398.33858pt x 206.2827pt.

<images/appendix_case1_compare_session_stackedgraph_enemy.png, id=779, 828.0937
5pt x 268.75406pt>
File: images/appendix_case1_compare_session_stackedgraph_enemy.png Graphic file
 (type png)

<use images/appendix_case1_compare_session_stackedgraph_enemy.png>
Package pdftex.def Info: images/appendix_case1_compare_session_stackedgraph_ene
my.png used on input line 21.
(pdftex.def)             Requested size: 398.33858pt x 129.28343pt.

<images/appendix_case1_compare_session_heatmap_enemy.png, id=780, 845.40843pt x
 426.84468pt>
File: images/appendix_case1_compare_session_heatmap_enemy.png Graphic file (typ
e png)
 <use images/appendix_case1_compare_session_heatmap_enemy.png>
Package pdftex.def Info: images/appendix_case1_compare_session_heatmap_enemy.pn
g used on input line 28.
(pdftex.def)             Requested size: 398.33858pt x 201.11853pt.

<images/case1_type1.png, id=781, 906.38625pt x 379.4175pt>
File: images/case1_type1.png Graphic file (type png)

<use images/case1_type1.png>
Package pdftex.def Info: images/case1_type1.png used on input line 35.
(pdftex.def)             Requested size: 398.33858pt x 166.74736pt.

<images/case1_type1_select.png, id=782, 898.10532pt x 371.13657pt>
File: images/case1_type1_select.png Graphic file (type png)

<use images/case1_type1_select.png>
Package pdftex.def Info: images/case1_type1_select.png used on input line 42.
(pdftex.def)             Requested size: 398.33858pt x 164.60875pt.

<images/case1_type1_select_clustered.png, id=783, 898.85812pt x 373.395pt>
File: images/case1_type1_select_clustered.png Graphic file (type png)

<use images/case1_type1_select_clustered.png>
Package pdftex.def Info: images/case1_type1_select_clustered.png used on input 
line 49.
(pdftex.def)             Requested size: 398.33858pt x 165.4737pt.

<images/case1_type2.png, id=784, 897.3525pt x 377.91188pt>
File: images/case1_type2.png Graphic file (type png)

<use images/case1_type2.png>
Package pdftex.def Info: images/case1_type2.png used on input line 56.
(pdftex.def)             Requested size: 398.33858pt x 167.75218pt.

<images/case2_stacked.png, id=785, 482.55281pt x 268.75406pt>
File: images/case2_stacked.png Graphic file (type png)

<use images/case2_stacked.png>
Package pdftex.def Info: images/case2_stacked.png used on input line 63.
(pdftex.def)             Requested size: 398.33858pt x 221.86015pt.

<images/case2_heatmap.png, id=786, 420.06938pt x 423.83344pt>
File: images/case2_heatmap.png Graphic file (type png)

<use images/case2_heatmap.png>
Package pdftex.def Info: images/case2_heatmap.png used on input line 70.
(pdftex.def)             Requested size: 284.52756pt x 287.07762pt.

<images/case2_stacked_bonus.png, id=787, 485.56406pt x 272.51813pt>
File: images/case2_stacked_bonus.png Graphic file (type png)

<use images/case2_stacked_bonus.png>
Package pdftex.def Info: images/case2_stacked_bonus.png used on input line 77.
(pdftex.def)             Requested size: 398.33858pt x 223.56194pt.

<images/case2_heatmap_bonus.png, id=788, 441.90094pt x 459.21562pt>
File: images/case2_heatmap_bonus.png Graphic file (type png)

<use images/case2_heatmap_bonus.png>
Package pdftex.def Info: images/case2_heatmap_bonus.png used on input line 84.
(pdftex.def)             Requested size: 284.52756pt x 295.6908pt.

<images/case2_summary.png, id=789, 903.375pt x 371.88937pt>
File: images/case2_summary.png Graphic file (type png)

<use images/case2_summary.png>
Package pdftex.def Info: images/case2_summary.png used on input line 91.
(pdftex.def)             Requested size: 398.33858pt x 163.98364pt.

<images/case2_summary_neutral.png, id=790, 916.1728pt x 383.93437pt>
File: images/case2_summary_neutral.png Graphic file (type png)

<use images/case2_summary_neutral.png>
Package pdftex.def Info: images/case2_summary_neutral.png used on input line 98
.
(pdftex.def)             Requested size: 398.33858pt x 166.92809pt.

<images/case2_summary_clustered.png, id=791, 900.36375pt x 380.92313pt>
File: images/case2_summary_clustered.png Graphic file (type png)

<use images/case2_summary_clustered.png>
Package pdftex.def Info: images/case2_summary_clustered.png used on input line 
105.
(pdftex.def)             Requested size: 398.33858pt x 168.53085pt.

<images/case2_summary_type2.png, id=792, 903.375pt x 374.14781pt>
File: images/case2_summary_type2.png Graphic file (type png)

<use images/case2_summary_type2.png>
Package pdftex.def Info: images/case2_summary_type2.png used on input line 112.

(pdftex.def)             Requested size: 398.33858pt x 164.97949pt.
) [32



 <D:/IT4BI Courses - Semester 4/_Thesis Report/HPVizReport/images/appendix_case
1_compare_session_stackedgraph.png>]
[33 <D:/IT4BI Courses - Semester 4/_Thesis Report/HPVizReport/images/appendix_c
ase1_compare_session_heatmap.png> <D:/IT4BI Courses - Semester 4/_Thesis Report
/HPVizReport/images/appendix_case1_compare_session_stackedgraph_enemy.png> <D:/
IT4BI Courses - Semester 4/_Thesis Report/HPVizReport/images/appendix_case1_com
pare_session_heatmap_enemy.png>] [34 <D:/IT4BI Courses - Semester 4/_Thesis Rep
ort/HPVizReport/images/case1_type1.png> <D:/IT4BI Courses - Semester 4/_Thesis 
Report/HPVizReport/images/case1_type1_select.png> <D:/IT4BI Courses - Semester 
4/_Thesis Report/HPVizReport/images/case1_type1_select_clustered.png>] [35 <D:/
IT4BI Courses - Semester 4/_Thesis Report/HPVizReport/images/case1_type2.png> <
D:/IT4BI Courses - Semester 4/_Thesis Report/HPVizReport/images/case2_stacked.p
ng>] [36 <D:/IT4BI Courses - Semester 4/_Thesis Report/HPVizReport/images/case2
_heatmap.png> <D:/IT4BI Courses - Semester 4/_Thesis Report/HPVizReport/images/
case2_stacked_bonus.png>] [37 <D:/IT4BI Courses - Semester 4/_Thesis Report/HPV
izReport/images/case2_heatmap_bonus.png> <D:/IT4BI Courses - Semester 4/_Thesis
 Report/HPVizReport/images/case2_summary.png>] [38 <D:/IT4BI Courses - Semester
 4/_Thesis Report/HPVizReport/images/case2_summary_neutral.png> <D:/IT4BI Cours
es - Semester 4/_Thesis Report/HPVizReport/images/case2_summary_clustered.png> 
<D:/IT4BI Courses - Semester 4/_Thesis Report/HPVizReport/images/case2_summary_
type2.png>]
("D:\IT4BI Courses - Semester 4\_Thesis Report\HPVizReport\Thesis.bbl"
("D:\IT4BI Courses - Semester 4\_Thesis Report\HPVizReport\Thesis.brf")
\tf@brf=\write9

[39


] [40])
Package minitoc Info: I0009
(minitoc)             Listing minitoc auxiliary files. 
(minitoc)             Creating the Thesis.maf file.


Package minitoc(hints) Warning: W0078
(minitoc(hints))                You have used \dominitoc, 
(minitoc(hints))                but not \minitoc.

Package minitoc(hints) Info: I0053
(minitoc(hints))             You have loaded the float package; 
(minitoc(hints))             please be aware that the minitoc package 
(minitoc(hints))             facilities can not be used for new types 
(minitoc(hints))             of floats defined by the float package.

Package minitoc(hints) Warning: W0024
(minitoc(hints))                Some hints have been written 
(minitoc(hints))                in the Thesis.log file.

Package atveryend Info: Empty hook `BeforeClearDocument' on input line 100.
[41]
Package atveryend Info: Empty hook `AfterLastShipout' on input line 100.
 ("D:\IT4BI Courses - Semester 4\_Thesis Report\HPVizReport\Thesis.aux"
("D:\IT4BI Courses - Semester 4\_Thesis Report\HPVizReport\TitlePage.aux")
("D:\IT4BI Courses - Semester 4\_Thesis Report\HPVizReport\Chapters/Chapter1.au
x")
("D:\IT4BI Courses - Semester 4\_Thesis Report\HPVizReport\Chapters/Chapter2.au
x")
("D:\IT4BI Courses - Semester 4\_Thesis Report\HPVizReport\Chapters/Chapter3.au
x")
("D:\IT4BI Courses - Semester 4\_Thesis Report\HPVizReport\Chapters/Chapter4.au
x")
("D:\IT4BI Courses - Semester 4\_Thesis Report\HPVizReport\Chapters/Chapter5.au
x")
("D:\IT4BI Courses - Semester 4\_Thesis Report\HPVizReport\Chapters/Chapter6.au
x")
("D:\IT4BI Courses - Semester 4\_Thesis Report\HPVizReport\Chapters/Chapter7.au
x")
("D:\IT4BI Courses - Semester 4\_Thesis Report\HPVizReport\Appendices/Appendix1
.aux"))
Package atveryend Info: Executing hook `AtVeryEndDocument' on input line 100.
Package atveryend Info: Executing hook `AtEndAfterFileList' on input line 100.
Package rerunfilecheck Info: File `Thesis.out' has not changed.
(rerunfilecheck)             Checksum: 7C4FA4439558D4687BF63C5FFA87DE25;2341.
Package rerunfilecheck Info: File `Thesis.brf' has not changed.
(rerunfilecheck)             Checksum: 14BD1D7FD8583098A7865965F1A742B5;1929.
Package atveryend Info: Empty hook `AtVeryVeryEnd' on input line 100.
 ) 
Here is how much of TeX's memory you used:
 11554 strings out of 493921
 177576 string characters out of 3144882
 275417 words of memory out of 3000000
 14036 multiletter control sequences out of 15000+200000
 107318 words of font info for 79 fonts, out of 3000000 for 9000
 841 hyphenation exceptions out of 8191
 44i,13n,49p,2765b,478s stack positions out of 5000i,500n,10000p,200000b,50000s
{C:/Program Files (x86)/MiKTeX 2.9/fonts/enc/dvips/lm/lm-mathit.enc}{C:/Progr
am Files (x86)/MiKTeX 2.9/fonts/enc/dvips/lm/lm-rm.enc}{C:/Program Files (x86)/
MiKTeX 2.9/fonts/enc/dvips/lm/lm-ec.enc}{C:/Program Files (x86)/MiKTeX 2.9/font
s/enc/dvips/lm/lm-mathsy.enc}{C:/Program Files (x86)/MiKTeX 2.9/fonts/enc/dvips
/lm/lm-mathex.enc}<C:/Program Files (x86)/MiKTeX 2.9/fonts/type1/public/lm/lmbx
10.pfb><C:/Program Files (x86)/MiKTeX 2.9/fonts/type1/public/lm/lmbx12.pfb><C:/
Program Files (x86)/MiKTeX 2.9/fonts/type1/public/lm/lmbxi10.pfb><C:/Program Fi
les (x86)/MiKTeX 2.9/fonts/type1/public/lm/lmcsc10.pfb><C:/Program Files (x86)/
MiKTeX 2.9/fonts/type1/public/lm/lmex10.pfb><C:/Program Files (x86)/MiKTeX 2.9/
fonts/type1/public/lm/lmmi10.pfb><C:/Program Files (x86)/MiKTeX 2.9/fonts/type1
/public/lm/lmmi6.pfb><C:/Program Files (x86)/MiKTeX 2.9/fonts/type1/public/lm/l
mmi8.pfb><C:/Program Files (x86)/MiKTeX 2.9/fonts/type1/public/lm/lmr10.pfb><C:
/Program Files (x86)/MiKTeX 2.9/fonts/type1/public/lm/lmr12.pfb><C:/Program Fil
es (x86)/MiKTeX 2.9/fonts/type1/public/lm/lmr17.pfb><C:/Program Files (x86)/MiK
TeX 2.9/fonts/type1/public/lm/lmr6.pfb><C:/Program Files (x86)/MiKTeX 2.9/fonts
/type1/public/lm/lmr8.pfb><C:/Program Files (x86)/MiKTeX 2.9/fonts/type1/public
/lm/lmr9.pfb><C:/Program Files (x86)/MiKTeX 2.9/fonts/type1/public/lm/lmri10.pf
b><C:/Program Files (x86)/MiKTeX 2.9/fonts/type1/public/lm/lmri12.pfb><C:/Progr
am Files (x86)/MiKTeX 2.9/fonts/type1/public/lm/lmri8.pfb><C:/Program Files (x8
6)/MiKTeX 2.9/fonts/type1/public/lm/lmsy10.pfb><C:/Program Files (x86)/MiKTeX 2
.9/fonts/type1/public/lm/lmsy8.pfb><C:/Program Files (x86)/MiKTeX 2.9/fonts/typ
e1/public/lm/lmtt9.pfb><C:/Program Files (x86)/MiKTeX 2.9/fonts/type1/public/am
sfonts/symbols/msam10.pfb>
Output written on Thesis.pdf (48 pages, 7783163 bytes).
PDF statistics:
 1008 PDF objects out of 1200 (max. 8388607)
 211 named destinations out of 1000 (max. 500000)
 521 words of extra memory for PDF output out of 10000 (max. 10000000)

